<?xml version="1.0" encoding="UTF-8"?>
<coverage generated="1739736891216" clover="3.2.0">
  <project timestamp="1739736891216" name="All files">
    <metrics statements="3" coveredstatements="2" conditionals="2" coveredconditionals="2" methods="3" coveredmethods="1" elements="8" coveredelements="5" complexity="0" loc="3" ncloc="3" packages="1" files="2" classes="2"/>
    <file name="addByX.js" path="F:\Веб дизайн\React-testing\Module-2\src\addByX.js">
      <metrics statements="1" coveredstatements="0" conditionals="0" coveredconditionals="0" methods="2" coveredmethods="0"/>
      <line num="2" count="0" type="stmt"/>
    </file>
    <file name="getLength.js" path="F:\Веб дизайн\React-testing\Module-2\src\getLength.js">
      <metrics statements="2" coveredstatements="2" conditionals="2" coveredconditionals="2" methods="1" coveredmethods="1"/>
      <line num="8" count="7" type="cond" truecount="2" falsecount="0"/>
      <line num="10" count="5" type="stmt"/>
    </file>
  </project>
</coverage>
