{"F:\\Веб дизайн\\React-testing\\Module-2\\src\\addByX.js": {"path":"F:\\Веб дизайн\\React-testing\\Module-2\\src\\addByX.js","statementMap":{"0":{"start":{"line":2,"column":2},"end":{"line":2,"column":26}},"1":{"start":{"line":2,"column":18},"end":{"line":2,"column":25}}},"fnMap":{"0":{"name":"addByX","decl":{"start":{"line":1,"column":16},"end":{"line":1,"column":22}},"loc":{"start":{"line":1,"column":26},"end":{"line":3,"column":1}},"line":1},"1":{"name":"(anonymous_1)","decl":{"start":{"line":2,"column":9},"end":{"line":2,"column":10}},"loc":{"start":{"line":2,"column":18},"end":{"line":2,"column":25}},"line":2}},"branchMap":{},"s":{"0":0,"1":0},"f":{"0":0,"1":0},"b":{},"_coverageSchema":"1a1c01bbd47fc00a2c39e90264f33305004495a9","hash":"6533e7adb280ea754fe43f8cfbdb7651b57e4a70"}
,"F:\\Веб дизайн\\React-testing\\Module-2\\src\\getLength.js": {"path":"F:\\Веб дизайн\\React-testing\\Module-2\\src\\getLength.js","statementMap":{"0":{"start":{"line":8,"column":2},"end":{"line":8,"column":42}},"1":{"start":{"line":8,"column":33},"end":{"line":8,"column":42}},"2":{"start":{"line":10,"column":2},"end":{"line":10,"column":30}}},"fnMap":{"0":{"name":"getLength","decl":{"start":{"line":7,"column":16},"end":{"line":7,"column":25}},"loc":{"start":{"line":7,"column":33},"end":{"line":11,"column":1}},"line":7}},"branchMap":{"0":{"loc":{"start":{"line":8,"column":2},"end":{"line":8,"column":42}},"type":"if","locations":[{"start":{"line":8,"column":2},"end":{"line":8,"column":42}},{"start":{},"end":{}}],"line":8}},"s":{"0":7,"1":2,"2":5},"f":{"0":7},"b":{"0":[2,5]},"_coverageSchema":"1a1c01bbd47fc00a2c39e90264f33305004495a9","hash":"6c183d6888c83865c51f9821203b8da088dfac34"}
}
